<?xml version="1.0" encoding="UTF-8"?>
<!-- Generated by org.testng.reporters.JUnitXMLReporter -->
<testsuite ignored="0" hostname="DESKTOP-8T4D3JD" failures="0" tests="6" name="Test" time="31.621" errors="0" timestamp="2024-10-18T15:19:05 IST">
  <testcase classname="com.test.Contacttest" name="Contactpage" time="0.006"/>
  <testcase classname="com.test.Aoutustest" name="testHomebutton" time="0.001"/>
  <testcase classname="com.test.HomepageTest" name="testHomebutton" time="1.245"/>
  <testcase classname="com.test.Producttest" name="testPrintProductDetails" time="0.141"/>
  <testcase classname="com.test.Extentreport" name="testPrintProductDetails" time="0.062"/>
  <testcase classname="com.test.LoginTest" name="testLogin" time="0.933"/>
</testsuite> <!-- Test -->
