<?xml version="1.0" encoding="UTF-8"?>
<testng-results ignored="0" total="6" passed="6" failed="0" skipped="0">
  <reporter-output>
  </reporter-output>
  <suite started-at="2024-10-18T15:18:33 IST" name="Suite" finished-at="2024-10-18T15:19:05 IST" duration-ms="31621">
    <groups>
    </groups>
    <test started-at="2024-10-18T15:18:33 IST" name="Test" finished-at="2024-10-18T15:19:05 IST" duration-ms="31621">
      <class name="com.test.Aoutustest">
        <test-method is-config="true" signature="setUp()[pri:0, instance:com.test.Aoutustest@15bb5034]" started-at="2024-10-18T15:18:42 IST" name="setUp" finished-at="2024-10-18T15:18:45 IST" duration-ms="3277" status="PASS">
          <reporter-output>
          </reporter-output>
        </test-method> <!-- setUp -->
        <test-method signature="testHomebutton()[pri:0, instance:com.test.Aoutustest@15bb5034]" started-at="2024-10-18T15:18:45 IST" name="testHomebutton" finished-at="2024-10-18T15:18:45 IST" duration-ms="1" status="PASS">
          <reporter-output>
          </reporter-output>
        </test-method> <!-- testHomebutton -->
        <test-method is-config="true" signature="tearDown()[pri:0, instance:com.test.Aoutustest@15bb5034]" started-at="2024-10-18T15:18:45 IST" name="tearDown" finished-at="2024-10-18T15:18:45 IST" duration-ms="138" status="PASS">
          <reporter-output>
          </reporter-output>
        </test-method> <!-- tearDown -->
      </class> <!-- com.test.Aoutustest -->
      <class name="com.test.Contacttest">
        <test-method is-config="true" signature="setUp()[pri:0, instance:com.test.Contacttest@6e6f2380]" started-at="2024-10-18T15:18:33 IST" name="setUp" finished-at="2024-10-18T15:18:42 IST" duration-ms="8318" status="PASS">
          <reporter-output>
          </reporter-output>
        </test-method> <!-- setUp -->
        <test-method signature="Contactpage()[pri:0, instance:com.test.Contacttest@6e6f2380]" started-at="2024-10-18T15:18:42 IST" name="Contactpage" finished-at="2024-10-18T15:18:42 IST" duration-ms="6" status="PASS">
          <reporter-output>
          </reporter-output>
        </test-method> <!-- Contactpage -->
        <test-method is-config="true" signature="tearDown()[pri:0, instance:com.test.Contacttest@6e6f2380]" started-at="2024-10-18T15:18:42 IST" name="tearDown" finished-at="2024-10-18T15:18:42 IST" duration-ms="170" status="PASS">
          <reporter-output>
          </reporter-output>
        </test-method> <!-- tearDown -->
      </class> <!-- com.test.Contacttest -->
      <class name="com.test.HomepageTest">
        <test-method is-config="true" signature="setUp()[pri:0, instance:com.test.HomepageTest@4b741d6d]" started-at="2024-10-18T15:18:45 IST" name="setUp" finished-at="2024-10-18T15:18:50 IST" duration-ms="4425" status="PASS">
          <reporter-output>
          </reporter-output>
        </test-method> <!-- setUp -->
        <test-method signature="testHomebutton()[pri:0, instance:com.test.HomepageTest@4b741d6d]" started-at="2024-10-18T15:18:50 IST" name="testHomebutton" finished-at="2024-10-18T15:18:51 IST" duration-ms="1245" status="PASS">
          <reporter-output>
          </reporter-output>
        </test-method> <!-- testHomebutton -->
        <test-method is-config="true" signature="tearDown()[pri:0, instance:com.test.HomepageTest@4b741d6d]" started-at="2024-10-18T15:18:51 IST" name="tearDown" finished-at="2024-10-18T15:18:51 IST" duration-ms="149" status="PASS">
          <reporter-output>
          </reporter-output>
        </test-method> <!-- tearDown -->
      </class> <!-- com.test.HomepageTest -->
      <class name="com.test.Producttest">
        <test-method is-config="true" signature="setup()[pri:0, instance:com.test.Producttest@8f2ef19]" started-at="2024-10-18T15:18:51 IST" name="setup" finished-at="2024-10-18T15:18:56 IST" duration-ms="4997" status="PASS">
          <reporter-output>
          </reporter-output>
        </test-method> <!-- setup -->
        <test-method signature="testPrintProductDetails()[pri:0, instance:com.test.Producttest@8f2ef19]" started-at="2024-10-18T15:18:56 IST" name="testPrintProductDetails" finished-at="2024-10-18T15:18:56 IST" duration-ms="141" status="PASS">
          <reporter-output>
          </reporter-output>
        </test-method> <!-- testPrintProductDetails -->
        <test-method is-config="true" signature="tearDown()[pri:0, instance:com.test.Producttest@8f2ef19]" started-at="2024-10-18T15:18:56 IST" name="tearDown" finished-at="2024-10-18T15:18:56 IST" duration-ms="152" status="PASS">
          <reporter-output>
          </reporter-output>
        </test-method> <!-- tearDown -->
      </class> <!-- com.test.Producttest -->
      <class name="com.test.LoginTest">
        <test-method is-config="true" signature="setUp()[pri:0, instance:com.test.LoginTest@2cf3d63b]" started-at="2024-10-18T15:19:00 IST" name="setUp" finished-at="2024-10-18T15:19:04 IST" duration-ms="3990" status="PASS">
          <reporter-output>
          </reporter-output>
        </test-method> <!-- setUp -->
        <test-method signature="testLogin()[pri:0, instance:com.test.LoginTest@2cf3d63b]" started-at="2024-10-18T15:19:04 IST" name="testLogin" finished-at="2024-10-18T15:19:05 IST" duration-ms="933" status="PASS">
          <reporter-output>
          </reporter-output>
        </test-method> <!-- testLogin -->
        <test-method is-config="true" signature="tearDown()[pri:0, instance:com.test.LoginTest@2cf3d63b]" started-at="2024-10-18T15:19:05 IST" name="tearDown" finished-at="2024-10-18T15:19:05 IST" duration-ms="158" status="PASS">
          <reporter-output>
          </reporter-output>
        </test-method> <!-- tearDown -->
      </class> <!-- com.test.LoginTest -->
      <class name="com.test.Extentreport">
        <test-method is-config="true" signature="setup()[pri:0, instance:com.test.Extentreport@470734c3]" started-at="2024-10-18T15:18:56 IST" name="setup" finished-at="2024-10-18T15:18:59 IST" duration-ms="2838" status="PASS">
          <reporter-output>
          </reporter-output>
        </test-method> <!-- setup -->
        <test-method signature="testPrintProductDetails()[pri:0, instance:com.test.Extentreport@470734c3]" started-at="2024-10-18T15:18:59 IST" name="testPrintProductDetails" finished-at="2024-10-18T15:18:59 IST" duration-ms="62" status="PASS">
          <reporter-output>
          </reporter-output>
        </test-method> <!-- testPrintProductDetails -->
        <test-method is-config="true" signature="tearDown()[pri:0, instance:com.test.Extentreport@470734c3]" started-at="2024-10-18T15:18:59 IST" name="tearDown" finished-at="2024-10-18T15:19:00 IST" duration-ms="572" status="PASS">
          <reporter-output>
          </reporter-output>
        </test-method> <!-- tearDown -->
      </class> <!-- com.test.Extentreport -->
    </test> <!-- Test -->
  </suite> <!-- Suite -->
</testng-results>
